<?xml version="1.0" encoding="UTF-8"?>
<!-- Generated by org.testng.reporters.JUnitReportReporter -->
<testsuite skipped="0" hostname="ATMECSINLT-084" name="MavenNewAutomation" tests="20" failures="0" timestamp="26 Aug 2019 09:02:41 GMT" time="12.949" errors="0">
  <testcase name="chromeOpen" time="0.012" classname="MavenNewAutomation"/>
  <testcase name="MavenOpen" time="5.922" classname="MavenNewAutomation"/>
  <testcase name="openingPolymer" time="0.541" classname="MavenNewAutomation"/>
  <testcase name="openingJcenter" time="0.700" classname="MavenNewAutomation"/>
  <testcase name="openingMCentral" time="0.259" classname="MavenNewAutomation"/>
  <testcase name="openingSubLink1" time="0.794" classname="MavenNewAutomation"/>
  <testcase name="openingSubLink2" time="0.120" classname="MavenNewAutomation"/>
  <testcase name="openingSubLink3" time="0.124" classname="MavenNewAutomation"/>
  <testcase name="openingSubLink4" time="0.116" classname="MavenNewAutomation"/>
  <testcase name="openingSubLink5" time="0.120" classname="MavenNewAutomation"/>
  <testcase name="openingSubLink6" time="0.116" classname="MavenNewAutomation"/>
  <testcase name="openingSubLink7" time="0.116" classname="MavenNewAutomation"/>
  <testcase name="openingSubLink8" time="0.112" classname="MavenNewAutomation"/>
  <testcase name="clickingCheckBox" time="0.124" classname="MavenNewAutomation"/>
  <testcase name="typingOnSearchBox" time="0.192" classname="MavenNewAutomation"/>
  <testcase name="clickingSearch" time="0.689" classname="MavenNewAutomation"/>
  <testcase name="clickingByPopular" time="0.636" classname="MavenNewAutomation"/>
  <testcase name="clickingByNewest" time="0.871" classname="MavenNewAutomation"/>
  <testcase name="clickingByRelevance" time="0.636" classname="MavenNewAutomation"/>
  <testcase name="clickingTheSeleniumJava" time="0.749" classname="MavenNewAutomation"/>
</testsuite> <!-- MavenNewAutomation -->
