<?xml version="1.0" encoding="UTF-8"?>
<!-- Generated by org.testng.reporters.JUnitReportReporter -->
<testsuite skipped="0" hostname="ATMECSINLT-084" name="Automation.MavenNewAutomation" tests="20" failures="0" timestamp="26 Aug 2019 13:01:12 GMT" time="16.451" errors="0">
  <testcase name="chromeOpen" time="3.015" classname="Automation.MavenNewAutomation"/>
  <testcase name="MavenOpen" time="6.156" classname="Automation.MavenNewAutomation"/>
  <testcase name="openingPolymer" time="0.637" classname="Automation.MavenNewAutomation"/>
  <testcase name="openingJcenter" time="0.604" classname="Automation.MavenNewAutomation"/>
  <testcase name="openingMCentral" time="0.300" classname="Automation.MavenNewAutomation"/>
  <testcase name="openingSubLink1" time="0.828" classname="Automation.MavenNewAutomation"/>
  <testcase name="openingSubLink2" time="0.155" classname="Automation.MavenNewAutomation"/>
  <testcase name="openingSubLink3" time="0.148" classname="Automation.MavenNewAutomation"/>
  <testcase name="openingSubLink4" time="0.147" classname="Automation.MavenNewAutomation"/>
  <testcase name="openingSubLink5" time="0.158" classname="Automation.MavenNewAutomation"/>
  <testcase name="openingSubLink6" time="0.144" classname="Automation.MavenNewAutomation"/>
  <testcase name="openingSubLink7" time="0.149" classname="Automation.MavenNewAutomation"/>
  <testcase name="openingSubLink8" time="0.142" classname="Automation.MavenNewAutomation"/>
  <testcase name="clickingCheckBox" time="0.141" classname="Automation.MavenNewAutomation"/>
  <testcase name="typingOnSearchBox" time="0.240" classname="Automation.MavenNewAutomation"/>
  <testcase name="clickingSearch" time="0.777" classname="Automation.MavenNewAutomation"/>
  <testcase name="clickingByPopular" time="0.709" classname="Automation.MavenNewAutomation"/>
  <testcase name="clickingByNewest" time="0.643" classname="Automation.MavenNewAutomation"/>
  <testcase name="clickingByRelevance" time="0.612" classname="Automation.MavenNewAutomation"/>
  <testcase name="clickingTheSeleniumJava" time="0.746" classname="Automation.MavenNewAutomation"/>
</testsuite> <!-- Automation.MavenNewAutomation -->
