<?xml version="1.0" encoding="UTF-8"?>
<!-- Generated by org.testng.reporters.JUnitReportReporter -->
<testsuite skipped="0" hostname="ATMECSINLT-084" name="SampleTest" tests="16" failures="0" timestamp="26 Aug 2019 08:50:44 GMT" time="10.082" errors="0">
  <testcase name="chromeOpen" time="0.020" classname="SampleTest"/>
  <testcase name="MavenOpen" time="5.991" classname="SampleTest"/>
  <testcase name="openingPolymer" time="0.537" classname="SampleTest"/>
  <testcase name="openingJcenter" time="0.532" classname="SampleTest"/>
  <testcase name="openingMCentral" time="0.272" classname="SampleTest"/>
  <testcase name="openingSubLink1" time="0.876" classname="SampleTest"/>
  <testcase name="openingSubLink2" time="0.128" classname="SampleTest"/>
  <testcase name="openingSubLink3" time="0.116" classname="SampleTest"/>
  <testcase name="openingSubLink4" time="0.120" classname="SampleTest"/>
  <testcase name="openingSubLink5" time="0.124" classname="SampleTest"/>
  <testcase name="openingSubLink6" time="0.124" classname="SampleTest"/>
  <testcase name="openingSubLink7" time="0.120" classname="SampleTest"/>
  <testcase name="openingSubLink8" time="0.128" classname="SampleTest"/>
  <testcase name="clickingCheckBox" time="0.124" classname="SampleTest"/>
  <testcase name="typingOnSearchBox" time="0.202" classname="SampleTest"/>
  <testcase name="clickingSearch" time="0.668" classname="SampleTest"/>
</testsuite> <!-- SampleTest -->
