<?xml version="1.0" encoding="UTF-8"?>
<!-- Generated by org.testng.reporters.JUnitReportReporter -->
<testsuite skipped="0" hostname="ATMECSINLT-084" name="com.Selenium.Testscript.OrangeHrm" tests="4" failures="0" timestamp="26 Aug 2019 15:29:58 GMT" time="17.792" errors="0">
  <testcase name="test" time="13.761" classname="com.Selenium.Testscript.OrangeHrm"/>
  <testcase name="splTest" time="0.202" classname="com.Selenium.Testscript.OrangeHrm"/>
  <testcase name="afterSplTest" time="0.243" classname="com.Selenium.Testscript.OrangeHrm"/>
  <testcase name="splTestThr" time="3.586" classname="com.Selenium.Testscript.OrangeHrm"/>
</testsuite> <!-- com.Selenium.Testscript.OrangeHrm -->
